0 info it worked if it ends with ok
1 verbose cli [ '/usr/local/Cellar/node/5.9.1/bin/node',
1 verbose cli   '/usr/local/bin/npm',
1 verbose cli   'run',
1 verbose cli   'start-dev' ]
2 info using npm@3.8.3
3 info using node@v5.9.1
4 verbose run-script [ 'prestart-dev', 'start-dev', 'poststart-dev' ]
5 info lifecycle REMS-Starter@1.0.0~prestart-dev: REMS-Starter@1.0.0
6 silly lifecycle REMS-Starter@1.0.0~prestart-dev: no script for prestart-dev, continuing
7 info lifecycle REMS-Starter@1.0.0~start-dev: REMS-Starter@1.0.0
8 verbose lifecycle REMS-Starter@1.0.0~start-dev: unsafe-perm in lifecycle true
9 verbose lifecycle REMS-Starter@1.0.0~start-dev: PATH: /usr/local/lib/node_modules/npm/bin/node-gyp-bin:/Users/devops/HackReactor/HIR/private/rrems/node_modules/.bin:/usr/local/Cellar/node/5.9.1/bin:/Users/devops/bin:/usr/local/bin:/usr/local/bin:/usr/bin:/bin:/usr/sbin:/sbin:/Users/devops/bin
10 verbose lifecycle REMS-Starter@1.0.0~start-dev: CWD: /Users/devops/HackReactor/HIR/private/rrems
11 silly lifecycle REMS-Starter@1.0.0~start-dev: Args: [ '-c', 'NODE_ENV=development babel-node ./server/server.js' ]
12 silly lifecycle REMS-Starter@1.0.0~start-dev: Returned: code: 1  signal: null
13 info lifecycle REMS-Starter@1.0.0~start-dev: Failed to exec start-dev script
14 verbose stack Error: REMS-Starter@1.0.0 start-dev: `NODE_ENV=development babel-node ./server/server.js`
14 verbose stack Exit status 1
14 verbose stack     at EventEmitter.<anonymous> (/usr/local/lib/node_modules/npm/lib/utils/lifecycle.js:239:16)
14 verbose stack     at emitTwo (events.js:100:13)
14 verbose stack     at EventEmitter.emit (events.js:185:7)
14 verbose stack     at ChildProcess.<anonymous> (/usr/local/lib/node_modules/npm/lib/utils/spawn.js:24:14)
14 verbose stack     at emitTwo (events.js:100:13)
14 verbose stack     at ChildProcess.emit (events.js:185:7)
14 verbose stack     at maybeClose (internal/child_process.js:850:16)
14 verbose stack     at Process.ChildProcess._handle.onexit (internal/child_process.js:215:5)
15 verbose pkgid REMS-Starter@1.0.0
16 verbose cwd /Users/devops/HackReactor/HIR/private/rrems
17 error Darwin 15.3.0
18 error argv "/usr/local/Cellar/node/5.9.1/bin/node" "/usr/local/bin/npm" "run" "start-dev"
19 error node v5.9.1
20 error npm  v3.8.3
21 error code ELIFECYCLE
22 error REMS-Starter@1.0.0 start-dev: `NODE_ENV=development babel-node ./server/server.js`
22 error Exit status 1
23 error Failed at the REMS-Starter@1.0.0 start-dev script 'NODE_ENV=development babel-node ./server/server.js'.
23 error Make sure you have the latest version of node.js and npm installed.
23 error If you do, this is most likely a problem with the REMS-Starter package,
23 error not with npm itself.
23 error Tell the author that this fails on your system:
23 error     NODE_ENV=development babel-node ./server/server.js
23 error You can get information on how to open an issue for this project with:
23 error     npm bugs REMS-Starter
23 error Or if that isn't available, you can get their info via:
23 error     npm owner ls REMS-Starter
23 error There is likely additional logging output above.
24 verbose exit [ 1, true ]
